#
# There is insufficient memory for the Java Runtime Environment to continue.
# Native memory allocation (mmap) failed to map 65536 bytes for Failed to commit area from 0x0000025fc6b80000 to 0x0000025fc6b90000 of length 65536.
# Possible reasons:
#   The system is out of physical RAM or swap space
#   The process is running with CompressedOops enabled, and the Java Heap may be blocking the growth of the native heap
# Possible solutions:
#   Reduce memory load on the system
#   Increase physical memory or swap space
#   Check if swap backing store is full
#   Decrease Java heap size (-Xmx/-Xms)
#   Decrease number of Java threads
#   Decrease Java thread stack sizes (-Xss)
#   Set larger code cache with -XX:ReservedCodeCacheSize=
# This output file may be truncated or incomplete.
#
#  Out of Memory Error (./src/hotspot/os/windows/os_windows.cpp:3521), pid=13292, tid=16484
#
# JRE version:  (11.0.12+7) (build )
# Java VM: OpenJDK 64-Bit Server VM (11.0.12+7-b1504.40, mixed mode, sharing, tiered, compressed oops, g1 gc, windows-amd64)
# No core dump will be written. Minidumps are not enabled by default on client versions of Windows
#

---------------  S U M M A R Y ------------

Command Line: -Djava.rmi.server.hostname=127.0.0.1 -Duser.timezone=UTC -Xmx998m -Dfile.encoding=UTF-8 com.intellij.database.remote.RemoteJdbcServer com.mysql.cj.jdbc.Driver

Host: Intel(R) Core(TM) i5-8300H CPU @ 2.30GHz, 8 cores, 7G,  Windows 10 , 64 bit Build 22000 (10.0.22000.708)
Time: Mon Jul 18 16:05:48 2022 中国标准时间 elapsed time: 0.031244 seconds (0d 0h 0m 0s)

---------------  T H R E A D  ---------------

Current thread (0x0000025fb24d6800):  JavaThread "Unknown thread" [_thread_in_vm, id=16484, stack(0x000000d3ff600000,0x000000d3ff700000)]

Stack: [0x000000d3ff600000,0x000000d3ff700000]
Native frames: (J=compiled Java code, j=interpreted, Vv=VM code, C=native code)
V  [jvm.dll+0x5ff40a]
V  [jvm.dll+0x783b65]
V  [jvm.dll+0x78517d]
V  [jvm.dll+0x785833]
V  [jvm.dll+0x249408]
V  [jvm.dll+0x5fc7f4]
V  [jvm.dll+0x5f13c5]
V  [jvm.dll+0x3076bb]
V  [jvm.dll+0x30762a]
V  [jvm.dll+0x307502]
V  [jvm.dll+0x30c575]
V  [jvm.dll+0x355567]
V  [jvm.dll+0x355c46]
V  [jvm.dll+0x355643]
V  [jvm.dll+0x2e2018]
V  [jvm.dll+0x2e31c7]
V  [jvm.dll+0x761f57]
V  [jvm.dll+0x76374c]
V  [jvm.dll+0x362ab9]
V  [jvm.dll+0x7455be]
V  [jvm.dll+0x3cb673]
V  [jvm.dll+0x3cda21]
C  [jli.dll+0x536b]
C  [ucrtbase.dll+0x26c0c]
C  [KERNEL32.DLL+0x154e0]
C  [ntdll.dll+0x485b]


---------------  P R O C E S S  ---------------

Threads class SMR info:
_java_thread_list=0x0000025fb0372340, length=0, elements={
}

Java Threads: ( => current thread )

Other Threads:
  0x0000025fb24ec800 GCTaskThread "GC Thread#0" [stack: 0x000000d3ff700000,0x000000d3ff800000] [id=20628]
  0x0000025fb2508000 ConcurrentGCThread "G1 Main Marker" [stack: 0x000000d3ff800000,0x000000d3ff900000] [id=684]
  0x0000025fb250a800 ConcurrentGCThread "G1 Conc#0" [stack: 0x000000d3ff900000,0x000000d3ffa00000] [id=12520]

[error occurred during error reporting (printing all threads), id 0xc0000005, EXCEPTION_ACCESS_VIOLATION (0xc0000005) at pc=0x00007fff000d27a7]

VM state:not at safepoint (not fully initialized)

VM Mutex/Monitor currently owned by a thread:  ([mutex/lock_event])
[0x0000025fb24d5e40] Heap_lock - owner thread: 0x0000025fb24d6800

Heap address: 0x00000000c1a00000, size: 998 MB, Compressed Oops mode: Non-zero based: 0x00000000c1a00000
Narrow klass base: 0x0000000000000000, Narrow klass shift: 0

GC Heap History (0 events):
No events

Deoptimization events (0 events):
No events

Classes redefined (0 events):
No events

Internal exceptions (0 events):
No events

Events (1 events):
Event: 0.020 Loaded shared library D:\JetBrains\IntelliJ IDEA 2021.2.3\jbr\bin\zip.dll


Dynamic libraries:
0x00007ff7a6b80000 - 0x00007ff7a6b8a000 	D:\JetBrains\IntelliJ IDEA 2021.2.3\jbr\bin\java.exe
0x00007fff67660000 - 0x00007fff67869000 	C:\WINDOWS\SYSTEM32\ntdll.dll
0x00007fff65eb0000 - 0x00007fff65f6d000 	C:\WINDOWS\System32\KERNEL32.DLL
0x00007fff64d70000 - 0x00007fff650e9000 	C:\WINDOWS\System32\KERNELBASE.dll
0x00007fff650f0000 - 0x00007fff65201000 	C:\WINDOWS\System32\ucrtbase.dll
0x00007fff53ec0000 - 0x00007fff53ed9000 	D:\JetBrains\IntelliJ IDEA 2021.2.3\jbr\bin\jli.dll
0x00007fff530b0000 - 0x00007fff530c7000 	D:\JetBrains\IntelliJ IDEA 2021.2.3\jbr\bin\VCRUNTIME140.dll
0x00007fff66300000 - 0x00007fff664ac000 	C:\WINDOWS\System32\USER32.dll
0x00007fff65420000 - 0x00007fff65446000 	C:\WINDOWS\System32\win32u.dll
0x00007fff63d60000 - 0x00007fff64005000 	C:\WINDOWS\WinSxS\amd64_microsoft.windows.common-controls_6595b64144ccf1df_6.0.22000.120_none_9d947278b86cc467\COMCTL32.dll
0x00007fff66020000 - 0x00007fff66049000 	C:\WINDOWS\System32\GDI32.dll
0x00007fff65f70000 - 0x00007fff66013000 	C:\WINDOWS\System32\msvcrt.dll
0x00007fff65290000 - 0x00007fff653a2000 	C:\WINDOWS\System32\gdi32full.dll
0x00007fff65450000 - 0x00007fff654ed000 	C:\WINDOWS\System32\msvcp_win.dll
0x00007fff66f30000 - 0x00007fff66f61000 	C:\WINDOWS\System32\IMM32.DLL
0x00007fff4b560000 - 0x00007fff4b5fd000 	D:\JetBrains\IntelliJ IDEA 2021.2.3\jbr\bin\msvcp140.dll
0x00007ffeffde0000 - 0x00007fff00938000 	D:\JetBrains\IntelliJ IDEA 2021.2.3\jbr\bin\server\jvm.dll
0x00007fff66ae0000 - 0x00007fff66b8e000 	C:\WINDOWS\System32\ADVAPI32.dll
0x00007fff673e0000 - 0x00007fff6747e000 	C:\WINDOWS\System32\sechost.dll
0x00007fff66740000 - 0x00007fff66860000 	C:\WINDOWS\System32\RPCRT4.dll
0x00007fff655d0000 - 0x00007fff655d8000 	C:\WINDOWS\System32\PSAPI.DLL
0x00007fff42920000 - 0x00007fff42929000 	C:\WINDOWS\SYSTEM32\WSOCK32.dll
0x00007fff65660000 - 0x00007fff656cf000 	C:\WINDOWS\System32\WS2_32.dll
0x00007fff5e420000 - 0x00007fff5e42a000 	C:\WINDOWS\SYSTEM32\VERSION.dll
0x00007fff5e9a0000 - 0x00007fff5e9d3000 	C:\WINDOWS\SYSTEM32\WINMM.dll
0x00007fff635f0000 - 0x00007fff63608000 	C:\WINDOWS\SYSTEM32\kernel.appcore.dll
0x00007fff5de10000 - 0x00007fff5de21000 	D:\JetBrains\IntelliJ IDEA 2021.2.3\jbr\bin\verify.dll
0x00007fff64490000 - 0x00007fff646b1000 	C:\WINDOWS\SYSTEM32\DBGHELP.DLL
0x00007fff641d0000 - 0x00007fff64201000 	C:\WINDOWS\SYSTEM32\dbgcore.DLL
0x00007fff65210000 - 0x00007fff6528f000 	C:\WINDOWS\System32\bcryptPrimitives.dll
0x00007fff50e20000 - 0x00007fff50e49000 	D:\JetBrains\IntelliJ IDEA 2021.2.3\jbr\bin\java.dll
0x00007fff60f40000 - 0x00007fff60f4b000 	D:\JetBrains\IntelliJ IDEA 2021.2.3\jbr\bin\jimage.dll
0x00007fff513f0000 - 0x00007fff51408000 	D:\JetBrains\IntelliJ IDEA 2021.2.3\jbr\bin\zip.dll

dbghelp: loaded successfully - version: 4.0.5 - missing functions: none
symbol engine: initialized successfully - sym options: 0x614 - pdb path: .;D:\JetBrains\IntelliJ IDEA 2021.2.3\jbr\bin;C:\WINDOWS\SYSTEM32;C:\WINDOWS\WinSxS\amd64_microsoft.windows.common-controls_6595b64144ccf1df_6.0.22000.120_none_9d947278b86cc467;D:\JetBrains\IntelliJ IDEA 2021.2.3\jbr\bin\server

VM Arguments:
jvm_args: -Djava.rmi.server.hostname=127.0.0.1 -Duser.timezone=UTC -Xmx998m -Dfile.encoding=UTF-8 
java_command: com.intellij.database.remote.RemoteJdbcServer com.mysql.cj.jdbc.Driver
java_class_path (initial): D:\JetBrains\IntelliJ IDEA 2021.2.3\lib\util.jar;D:\JetBrains\IntelliJ IDEA 2021.2.3\lib\groovy-2.5.14.jar;D:\JetBrains\IntelliJ IDEA 2021.2.3\plugins\DatabaseTools\lib\jdbc-console.jar;C:\Users\14469\AppData\Roaming\JetBrains\IntelliJIdea2021.2\jdbc-drivers\MySQL ConnectorJ\8.0.25\mysql-connector-java-8.0.25.jar
Launcher Type: SUN_STANDARD

[Global flags]
     intx CICompilerCount                          = 4                                         {product} {ergonomic}
     uint ConcGCThreads                            = 2                                         {product} {ergonomic}
     uint G1ConcRefinementThreads                  = 8                                         {product} {ergonomic}
   size_t G1HeapRegionSize                         = 1048576                                   {product} {ergonomic}
    uintx GCDrainStackTargetSize                   = 64                                        {product} {ergonomic}
   size_t InitialHeapSize                          = 132120576                                 {product} {ergonomic}
   size_t MarkStackSize                            = 4194304                                   {product} {ergonomic}
   size_t MaxHeapSize                              = 1046478848                                {product} {command line}
   size_t MinHeapDeltaBytes                        = 1048576                                   {product} {ergonomic}
    uintx NonNMethodCodeHeapSize                   = 5836300                                {pd product} {ergonomic}
    uintx NonProfiledCodeHeapSize                  = 122910970                              {pd product} {ergonomic}
    uintx ProfiledCodeHeapSize                     = 122910970                              {pd product} {ergonomic}
    uintx ReservedCodeCacheSize                    = 251658240                              {pd product} {ergonomic}
     bool SegmentedCodeCache                       = true                                      {product} {ergonomic}
     bool UseCompressedClassPointers               = true                                 {lp64_product} {ergonomic}
     bool UseCompressedOops                        = true                                 {lp64_product} {ergonomic}
     bool UseG1GC                                  = true                                      {product} {ergonomic}
     bool UseLargePagesIndividualAllocation        = false                                  {pd product} {ergonomic}

Logging:
Log output configuration:
 #0: stdout all=warning uptime,level,tags
 #1: stderr all=off uptime,level,tags

Environment Variables:
JAVA_HOME=D:\environment\java
CLASSPATH=.;D:\environment\java\lib;D:\environment\java\lib\tools.jar
PATH=D:\app\14469\product\11.2.0\dbhome_3\bin;D:\app\14469\product\11.2.0\dbhome_2\bin;C:\ProgramData\Oracle\Java\javapath;C:\Program Files\Common Files\Oracle\Java\javapath;C:\Program Files (x86)\Intel\Intel(R) Management Engine Components\iCLS\;C:\Program Files\Intel\Intel(R) Management Engine Components\iCLS\;C:\Windows\system32;C:\Windows;C:\Windows\System32\Wbem;C:\Windows\System32\WindowsPowerShell\v1.0\;C:\Program Files (x86)\Intel\Intel(R) Management Engine Components\DAL;C:\Program Files\Intel\Intel(R) Management Engine Components\DAL;C:\Program Files (x86)\Intel\Intel(R) Management Engine Components\IPT;C:\Program Files\Intel\Intel(R) Management Engine Components\IPT;C:\Program Files\Intel\WiFi\bin\;C:\Program Files\Common Files\Intel\WirelessCommon\;C:\Program Files (x86)\NVIDIA Corporation\PhysX\Common;C:\WINDOWS\system32;C:\WINDOWS;C:\WINDOWS\System32\Wbem;C:\WINDOWS\System32\WindowsPowerShell\v1.0\;C:\WINDOWS\System32\OpenSSH\;D:\environment\python;D:\environment\python\Scripts;D:\environment\java\bin;D:\environment\java\jre\bin;D:\Microsoft VS Code\bin;D:\Git\cmd;C:\Program Files\Pandoc\;D:\environment\xshell\;C:\Program Files\dotnet\;D:\Program Files\nodejs\;D:\Program Files (x86)\Tencent\微信web开发者工具\dll;C:\Users\14469\AppData\Roaming\npm;D:\Program Files\Tesseract-OCR;D:\environment\python\Scripts;C:\Users\14469\AppData\Roaming\npm;C:\Program Files\MySQL\MySQL Shell 8.0\bin\;D:\environment\python\Scripts\;D:\environment\python\;C:\Users\14469\AppData\Local\Microsoft\WindowsApps;D:\Program Files (x86)\Bandizip\;D:\Program Files\nodejs\node_global;D:\Maven\bin;D:\platform-tools\platform-tools_r33.0.0-windows\platform-tools;D:\JetBrains\IntelliJ IDEA 2021.2.3\bin;D:\Program Files\JetBrains\PyCharm Community Edition 2020.2.1\bin;D:\apache-tomcat-9.0.10\lib;D:\apache-tomcat-9.0.10\bin;D:\Program Files\JetBrains\WebStorm 2022.1\bin;C:\Users\14469\AppData\Roaming\npm;C:\Users\14469\AppData\Local\gitkraken\bin;C:\Users\14469\AppData\Local\JetBrains\Toolb
USERNAME=14469
OS=Windows_NT
PROCESSOR_IDENTIFIER=Intel64 Family 6 Model 158 Stepping 10, GenuineIntel



---------------  S Y S T E M  ---------------

OS: Windows 10 , 64 bit Build 22000 (10.0.22000.708)
OS uptime: 1 days 23:31 hours

CPU:total 8 (initial active 8) (4 cores per cpu, 2 threads per core) family 6 model 158 stepping 10 microcode 0xde, cmov, cx8, fxsr, mmx, sse, sse2, sse3, ssse3, sse4.1, sse4.2, popcnt, avx, avx2, aes, clmul, erms, 3dnowpref, lzcnt, ht, tsc, tscinvbit, bmi1, bmi2, adx, fma

Memory: 4k page, system-wide physical 7985M (258M free)
TotalPageFile size 32561M (AvailPageFile size 3M)
current process WorkingSet (physical memory assigned to process): 12M, peak: 12M
current process commit charge ("private bytes"): 189M, peak: 189M

vm_info: OpenJDK 64-Bit Server VM (11.0.12+7-b1504.40) for windows-amd64 JRE (11.0.12+7-b1504.40), built on Sep 23 2021 14:38:03 by "" with MS VC++ 14.0 (VS2015)

END.
